Build started 17-02-2012 04:58:47 PM.
     1>Project "C:\Users\meet\Downloads\Asio.Net_src(1)\BlueWave.Interop.Asio\Bluewave.Interop.Asio.vcxproj" on node 2 (build target(s)).
     1>InitializeBuildStatus:
         Touching "Debug\Bluewave.Interop.Asio.unsuccessfulbuild".
       GenerateTargetFrameworkMonikerAttribute:
       Skipping target "GenerateTargetFrameworkMonikerAttribute" because all output files are up-to-date with respect to the input files.
       ClCompile:
         C:\Program Files\Microsoft Visual Studio 10.0\VC\bin\CL.exe /c /AI"C:\Program Files\Reference Assemblies\Microsoft\Framework\.NETFramework\v4.0" /Zi /clr /nologo /W3 /WX- /Od /Oy- /D WIN32 /D _DEBUG /D _WINDLL /D _UNICODE /D UNICODE /EHa /MDd /GS /fp:precise /Zc:wchar_t /Zc:forScope /Fo"Debug\\" /Fd"Debug\vc100.pdb" /TP /FU"C:\Program Files\Reference Assemblies\Microsoft\Framework\.NETFramework\v4.0\System.Core.dll" /FU"C:\Program Files\Reference Assemblies\Microsoft\Framework\.NETFramework\v4.0\System.Data.dll" /FU"C:\Program Files\Reference Assemblies\Microsoft\Framework\.NETFramework\v4.0\System.dll" /FU"C:\Program Files\Reference Assemblies\Microsoft\Framework\.NETFramework\v4.0\System.Drawing.dll" /FU"C:\Program Files\Reference Assemblies\Microsoft\Framework\.NETFramework\v4.0\System.Windows.Forms.dll" /FU"C:\Program Files\Reference Assemblies\Microsoft\Framework\.NETFramework\v4.0\System.Xml.dll" /analyze- /errorReport:prompt AsioDriver.cpp BufferSize.cpp Channel.cpp InstalledDriver.cpp /clr:nostdlib 
         AsioDriver.cpp
         BufferSize.cpp
         Channel.cpp
         InstalledDriver.cpp
         Generating Code...
         C:\Program Files\Microsoft Visual Studio 10.0\VC\bin\CL.exe /c /Zi /clr /nologo /W3 /WX- /Od /Oy- /D WIN32 /D _DEBUG /D _WINDLL /D _UNICODE /D UNICODE /EHa /MDd /GS /fp:precise /Zc:wchar_t /Zc:forScope /Fo"Debug\\" /Fd"Debug\vc100.pdb" /TP /analyze- /errorReport:prompt "C:\Users\meet\AppData\Local\Temp\.NETFramework,Version=v4.0.AssemblyAttributes.cpp"
         .NETFramework,Version=v4.0.AssemblyAttributes.cpp
       Link:
         C:\Program Files\Microsoft Visual Studio 10.0\VC\bin\link.exe /ERRORREPORT:PROMPT /OUT:"C:\Users\meet\Downloads\Asio.Net_src(1)\Debug\Bluewave.Interop.Asio.dll" /INCREMENTAL /NOLOGO /MANIFEST /ManifestFile:"Debug\Bluewave.Interop.Asio.dll.intermediate.manifest" /MANIFESTUAC:"level='asInvoker' uiAccess='false'" /DEBUG /PDB:"C:\Users\meet\Downloads\Asio.Net_src(1)\Debug\Bluewave.Interop.Asio.pdb" /ASSEMBLYDEBUG /TLBID:1 /DYNAMICBASE /FIXED:NO /NXCOMPAT /MACHINE:X86 /DLL Debug\AsioDriver.obj
         Debug\AssemblyInfo.obj
         Debug\BufferSize.obj
         Debug\Channel.obj
         Debug\InstalledDriver.obj
         "Debug\.NETFramework,Version=v4.0.AssemblyAttributes.obj" ole32.lib advapi32.lib
          
         Bluewave.Interop.Asio.vcxproj -> C:\Users\meet\Downloads\Asio.Net_src(1)\Debug\Bluewave.Interop.Asio.dll
       Manifest:
         C:\Program Files\Microsoft SDKs\Windows\v7.0A\bin\mt.exe /nologo /verbose /outputresource:"C:\Users\meet\Downloads\Asio.Net_src(1)\Debug\Bluewave.Interop.Asio.dll;#2" /manifest Debug\Bluewave.Interop.Asio.dll.intermediate.manifest
       FinalizeBuildStatus:
         Deleting file "Debug\Bluewave.Interop.Asio.unsuccessfulbuild".
         Touching "Debug\Bluewave.Interop.Asio.lastbuildstate".
     1>Done Building Project "C:\Users\meet\Downloads\Asio.Net_src(1)\BlueWave.Interop.Asio\Bluewave.Interop.Asio.vcxproj" (build target(s)).

Build succeeded.

Time Elapsed 00:00:06.87
